빌드 시작: 2017-09-21 오전 3:42:49
     1>2 노드의 "F:\2학년 2학기\자료구조 및 실습\과제05\DataStruct0930\Proj0930\Proj0930.vcxproj" 프로젝트(build 대상)입니다.
     1>InitializeBuildStatus:
         "Debug\Proj0930.unsuccessfulbuild"에 연결(touching)하고 있습니다.
       ClCompile:
         모든 출력이 최신 상태입니다.
       ManifestResourceCompile:
         모든 출력이 최신 상태입니다.
       Link:
         C:\Program Files (x86)\Microsoft Visual Studio 10.0\VC\bin\link.exe /ERRORREPORT:PROMPT /OUT:"F:\2학년 2학기\자료구조 및 실습\과제05\DataStruct0930\Debug\Proj0930.exe" /INCREMENTAL /NOLOGO kernel32.lib user32.lib gdi32.lib winspool.lib comdlg32.lib advapi32.lib shell32.lib ole32.lib oleaut32.lib uuid.lib odbc32.lib odbccp32.lib /MANIFEST /ManifestFile:"Debug\Proj0930.exe.intermediate.manifest" /MANIFESTUAC:"level='asInvoker' uiAccess='false'" /DEBUG /PDB:"F:\2학년 2학기\자료구조 및 실습\과제05\DataStruct0930\Debug\Proj0930.pdb" /SUBSYSTEM:CONSOLE /TLBID:1 /DYNAMICBASE /NXCOMPAT /IMPLIB:"F:\2학년 2학기\자료구조 및 실습\과제05\DataStruct0930\Debug\Proj0930.lib" /MACHINE:X86 Debug\Proj0930.exe.embed.manifest.res
         "Debug\5장-CebCheckBracket.obj"
       Manifest:
         C:\Program Files (x86)\Microsoft SDKs\Windows\v7.0A\bin\mt.exe /nologo /verbose /out:"Debug\Proj0930.exe.embed.manifest" /manifest Debug\Proj0930.exe.intermediate.manifest
         모든 출력이 최신 상태입니다.
       LinkEmbedManifest:
         모든 출력이 최신 상태입니다.
         Proj0930.vcxproj -> F:\2학년 2학기\자료구조 및 실습\과제05\DataStruct0930\Debug\Proj0930.exe
       FinalizeBuildStatus:
         "Debug\Proj0930.unsuccessfulbuild" 파일을 삭제하고 있습니다.
         "Debug\Proj0930.lastbuildstate"에 연결(touching)하고 있습니다.
     1>"F:\2학년 2학기\자료구조 및 실습\과제05\DataStruct0930\Proj0930\Proj0930.vcxproj" 프로젝트를 빌드했습니다(build 대상).

빌드했습니다.

경과 시간: 00:00:00.50
