빌드 시작: 2015-11-26 오후 11:51:00
     1>2 노드의 "C:\Users\은빈\Google 드라이브\2학년 2학기\자료구조 및 실습\과제11\DataStruct1118\Proj_DoubleLinkedList_2\Proj_DoubleLinkedList_2.vcxproj" 프로젝트(build 대상)입니다.
     1>InitializeBuildStatus:
         "AlwaysCreate"이(가) 지정되었기 때문에 "Debug\Proj_DoubleLinkedList_2.unsuccessfulbuild"을(를) 만들고 있습니다.
       ClCompile:
         c:\Program Files (x86)\Microsoft Visual Studio 10.0\VC\bin\CL.exe /c /ZI /nologo /W3 /WX- /Od /Oy- /D WIN32 /D _DEBUG /D _CONSOLE /D _UNICODE /D UNICODE /Gm /EHsc /RTC1 /MDd /GS /fp:precise /Zc:wchar_t /Zc:forScope /Fo"Debug\\" /Fd"Debug\vc100.pdb" /Gd /TP /analyze- /errorReport:prompt DataStructMain_DLList.cpp
         DataStructMain_DLList.cpp
     1>c:\users\은빈\google 드라이브\2학년 2학기\자료구조 및 실습\과제11\datastruct1118\proj_doublelinkedlist_2\cebitem.h(19): warning C4996: 'strcpy': This function or variable may be unsafe. Consider using strcpy_s instead. To disable deprecation, use _CRT_SECURE_NO_WARNINGS. See online help for details.
                 c:\program files (x86)\microsoft visual studio 10.0\vc\include\string.h(105) : 'strcpy' 선언을 참조하십시오.
     1>c:\users\은빈\google 드라이브\2학년 2학기\자료구조 및 실습\과제11\datastruct1118\proj_doublelinkedlist_2\cebitem.h(22): warning C4996: 'strcpy': This function or variable may be unsafe. Consider using strcpy_s instead. To disable deprecation, use _CRT_SECURE_NO_WARNINGS. See online help for details.
                 c:\program files (x86)\microsoft visual studio 10.0\vc\include\string.h(105) : 'strcpy' 선언을 참조하십시오.
     1>c:\users\은빈\google 드라이브\2학년 2학기\자료구조 및 실습\과제11\datastruct1118\proj_doublelinkedlist_2\datastructmain_dllist.cpp(104): warning C4996: 'scanf': This function or variable may be unsafe. Consider using scanf_s instead. To disable deprecation, use _CRT_SECURE_NO_WARNINGS. See online help for details.
                 c:\program files (x86)\microsoft visual studio 10.0\vc\include\stdio.h(304) : 'scanf' 선언을 참조하십시오.
     1>c:\users\은빈\google 드라이브\2학년 2학기\자료구조 및 실습\과제11\datastruct1118\proj_doublelinkedlist_2\cebdllist.h(169): warning C4715: 'CCebDLList::ThisRemove' : 모든 제어 경로에서 값을 반환하지는 않습니다.
       ManifestResourceCompile:
         C:\Program Files (x86)\Microsoft SDKs\Windows\v7.0A\bin\rc.exe /nologo /fo"Debug\Proj_DoubleLinkedList_2.exe.embed.manifest.res" Debug\Proj_DoubleLinkedList_2_manifest.rc 
       Link:
         c:\Program Files (x86)\Microsoft Visual Studio 10.0\VC\bin\link.exe /ERRORREPORT:PROMPT /OUT:"C:\Users\은빈\Google 드라이브\2학년 2학기\자료구조 및 실습\과제11\DataStruct1118\Debug\Proj_DoubleLinkedList_2.exe" /INCREMENTAL /NOLOGO kernel32.lib user32.lib gdi32.lib winspool.lib comdlg32.lib advapi32.lib shell32.lib ole32.lib oleaut32.lib uuid.lib odbc32.lib odbccp32.lib /MANIFEST /ManifestFile:"Debug\Proj_DoubleLinkedList_2.exe.intermediate.manifest" /MANIFESTUAC:"level='asInvoker' uiAccess='false'" /DEBUG /PDB:"C:\Users\은빈\Google 드라이브\2학년 2학기\자료구조 및 실습\과제11\DataStruct1118\Debug\Proj_DoubleLinkedList_2.pdb" /SUBSYSTEM:CONSOLE /TLBID:1 /DYNAMICBASE /NXCOMPAT /IMPLIB:"C:\Users\은빈\Google 드라이브\2학년 2학기\자료구조 및 실습\과제11\DataStruct1118\Debug\Proj_DoubleLinkedList_2.lib" /MACHINE:X86 Debug\Proj_DoubleLinkedList_2.exe.embed.manifest.res
         Debug\DataStructMain_DLList.obj
       Manifest:
         C:\Program Files (x86)\Microsoft SDKs\Windows\v7.0A\bin\mt.exe /nologo /verbose /out:"Debug\Proj_DoubleLinkedList_2.exe.embed.manifest" /manifest Debug\Proj_DoubleLinkedList_2.exe.intermediate.manifest
         C:\Program Files (x86)\Microsoft SDKs\Windows\v7.0A\bin\rc.exe /nologo /fo"Debug\Proj_DoubleLinkedList_2.exe.embed.manifest.res" Debug\Proj_DoubleLinkedList_2_manifest.rc 
       LinkEmbedManifest:
         c:\Program Files (x86)\Microsoft Visual Studio 10.0\VC\bin\link.exe /ERRORREPORT:PROMPT /OUT:"C:\Users\은빈\Google 드라이브\2학년 2학기\자료구조 및 실습\과제11\DataStruct1118\Debug\Proj_DoubleLinkedList_2.exe" /INCREMENTAL /NOLOGO kernel32.lib user32.lib gdi32.lib winspool.lib comdlg32.lib advapi32.lib shell32.lib ole32.lib oleaut32.lib uuid.lib odbc32.lib odbccp32.lib /MANIFEST /ManifestFile:"Debug\Proj_DoubleLinkedList_2.exe.intermediate.manifest" /MANIFESTUAC:"level='asInvoker' uiAccess='false'" /DEBUG /PDB:"C:\Users\은빈\Google 드라이브\2학년 2학기\자료구조 및 실습\과제11\DataStruct1118\Debug\Proj_DoubleLinkedList_2.pdb" /SUBSYSTEM:CONSOLE /TLBID:1 /DYNAMICBASE /NXCOMPAT /IMPLIB:"C:\Users\은빈\Google 드라이브\2학년 2학기\자료구조 및 실습\과제11\DataStruct1118\Debug\Proj_DoubleLinkedList_2.lib" /MACHINE:X86 Debug\Proj_DoubleLinkedList_2.exe.embed.manifest.res
         Debug\DataStructMain_DLList.obj
         Proj_DoubleLinkedList_2.vcxproj -> C:\Users\은빈\Google 드라이브\2학년 2학기\자료구조 및 실습\과제11\DataStruct1118\Debug\Proj_DoubleLinkedList_2.exe
       FinalizeBuildStatus:
         "Debug\Proj_DoubleLinkedList_2.unsuccessfulbuild" 파일을 삭제하고 있습니다.
         "Debug\Proj_DoubleLinkedList_2.lastbuildstate"에 연결(touching)하고 있습니다.
     1>"C:\Users\은빈\Google 드라이브\2학년 2학기\자료구조 및 실습\과제11\DataStruct1118\Proj_DoubleLinkedList_2\Proj_DoubleLinkedList_2.vcxproj" 프로젝트를 빌드했습니다(build 대상).

빌드했습니다.

경과 시간: 00:00:01.31
