빌드 시작: 2015-10-21 오전 11:00:24
     1>2 노드의 "C:\Users\은빈\Google 드라이브\2학년 2학기\자료구조 및 실습\과제07\DataStruct1019\Proj_Maze\Proj_Maze.vcxproj" 프로젝트(build 대상)입니다.
     1>InitializeBuildStatus:
         "AlwaysCreate"이(가) 지정되었기 때문에 "Debug\Proj_Maze.unsuccessfulbuild"을(를) 만들고 있습니다.
       ClCompile:
         c:\Program Files (x86)\Microsoft Visual Studio 10.0\VC\bin\CL.exe /c /ZI /nologo /W3 /WX- /Od /Oy- /D WIN32 /D _DEBUG /D _CONSOLE /D _UNICODE /D UNICODE /Gm /EHsc /RTC1 /MDd /GS /fp:precise /Zc:wchar_t /Zc:forScope /Fo"Debug\\" /Fd"Debug\vc100.pdb" /Gd /TP /analyze- /errorReport:prompt DataStructMain_maze.cpp
         DataStructMain_maze.cpp
     1>c:\users\은빈\google 드라이브\2학년 2학기\자료구조 및 실습\과제07\datastruct1019\proj_maze\cebmaze.h(59): warning C4996: 'fopen': This function or variable may be unsafe. Consider using fopen_s instead. To disable deprecation, use _CRT_SECURE_NO_WARNINGS. See online help for details.
                 c:\program files (x86)\microsoft visual studio 10.0\vc\include\stdio.h(234) : 'fopen' 선언을 참조하십시오.
     1>c:\users\은빈\google 드라이브\2학년 2학기\자료구조 및 실습\과제07\datastruct1019\proj_maze\cebmaze.h(70): warning C4996: 'fscanf': This function or variable may be unsafe. Consider using fscanf_s instead. To disable deprecation, use _CRT_SECURE_NO_WARNINGS. See online help for details.
                 c:\program files (x86)\microsoft visual studio 10.0\vc\include\stdio.h(253) : 'fscanf' 선언을 참조하십시오.
     1>c:\users\은빈\google 드라이브\2학년 2학기\자료구조 및 실습\과제07\datastruct1019\proj_maze\cebmaze.h(79): warning C4996: 'fscanf': This function or variable may be unsafe. Consider using fscanf_s instead. To disable deprecation, use _CRT_SECURE_NO_WARNINGS. See online help for details.
                 c:\program files (x86)\microsoft visual studio 10.0\vc\include\stdio.h(253) : 'fscanf' 선언을 참조하십시오.
       ManifestResourceCompile:
         모든 출력이 최신 상태입니다.
       Link:
         c:\Program Files (x86)\Microsoft Visual Studio 10.0\VC\bin\link.exe /ERRORREPORT:PROMPT /OUT:"C:\Users\은빈\Google 드라이브\2학년 2학기\자료구조 및 실습\과제07\DataStruct1019\Debug\Proj_Maze.exe" /INCREMENTAL /NOLOGO kernel32.lib user32.lib gdi32.lib winspool.lib comdlg32.lib advapi32.lib shell32.lib ole32.lib oleaut32.lib uuid.lib odbc32.lib odbccp32.lib /MANIFEST /ManifestFile:"Debug\Proj_Maze.exe.intermediate.manifest" /MANIFESTUAC:"level='asInvoker' uiAccess='false'" /DEBUG /PDB:"C:\Users\은빈\Google 드라이브\2학년 2학기\자료구조 및 실습\과제07\DataStruct1019\Debug\Proj_Maze.pdb" /SUBSYSTEM:CONSOLE /TLBID:1 /DYNAMICBASE /NXCOMPAT /IMPLIB:"C:\Users\은빈\Google 드라이브\2학년 2학기\자료구조 및 실습\과제07\DataStruct1019\Debug\Proj_Maze.lib" /MACHINE:X86 Debug\Proj_Maze.exe.embed.manifest.res
         Debug\DataStructMain_maze.obj
       Manifest:
         C:\Program Files (x86)\Microsoft SDKs\Windows\v7.0A\bin\mt.exe /nologo /verbose /out:"Debug\Proj_Maze.exe.embed.manifest" /manifest Debug\Proj_Maze.exe.intermediate.manifest
         모든 출력이 최신 상태입니다.
       LinkEmbedManifest:
         모든 출력이 최신 상태입니다.
         Proj_Maze.vcxproj -> C:\Users\은빈\Google 드라이브\2학년 2학기\자료구조 및 실습\과제07\DataStruct1019\Debug\Proj_Maze.exe
       FinalizeBuildStatus:
         "Debug\Proj_Maze.unsuccessfulbuild" 파일을 삭제하고 있습니다.
         "Debug\Proj_Maze.lastbuildstate"에 연결(touching)하고 있습니다.
     1>"C:\Users\은빈\Google 드라이브\2학년 2학기\자료구조 및 실습\과제07\DataStruct1019\Proj_Maze\Proj_Maze.vcxproj" 프로젝트를 빌드했습니다(build 대상).

빌드했습니다.

경과 시간: 00:00:01.53
