빌드 시작: 2015-11-23 오후 2:16:27
     1>2 노드의 "C:\Users\은빈\Google 드라이브\2학년 2학기\자료구조 및 실습\과제10\DataStruct1111\Proj1111_3\Proj1111_3.vcxproj" 프로젝트(build 대상)입니다.
     1>InitializeBuildStatus:
         "AlwaysCreate"이(가) 지정되었기 때문에 "Debug\Proj1111_3.unsuccessfulbuild"을(를) 만들고 있습니다.
       ClCompile:
         c:\Program Files (x86)\Microsoft Visual Studio 10.0\VC\bin\CL.exe /c /ZI /nologo /W3 /WX- /Od /Oy- /D WIN32 /D _DEBUG /D _CONSOLE /D _UNICODE /D UNICODE /Gm /EHsc /RTC1 /MDd /GS /fp:precise /Zc:wchar_t /Zc:forScope /Fo"Debug\\" /Fd"Debug\vc100.pdb" /Gd /TP /analyze- /errorReport:prompt DataStruct_List.cpp
         DataStruct_List.cpp
     1>c:\users\은빈\google 드라이브\2학년 2학기\자료구조 및 실습\과제10\datastruct1111\proj1111_3\cebitem.h(19): warning C4996: 'strcpy': This function or variable may be unsafe. Consider using strcpy_s instead. To disable deprecation, use _CRT_SECURE_NO_WARNINGS. See online help for details.
                 c:\program files (x86)\microsoft visual studio 10.0\vc\include\string.h(105) : 'strcpy' 선언을 참조하십시오.
     1>c:\users\은빈\google 드라이브\2학년 2학기\자료구조 및 실습\과제10\datastruct1111\proj1111_3\cebitem.h(22): warning C4996: 'strcpy': This function or variable may be unsafe. Consider using strcpy_s instead. To disable deprecation, use _CRT_SECURE_NO_WARNINGS. See online help for details.
                 c:\program files (x86)\microsoft visual studio 10.0\vc\include\string.h(105) : 'strcpy' 선언을 참조하십시오.
     1>c:\users\은빈\google 드라이브\2학년 2학기\자료구조 및 실습\과제10\datastruct1111\proj1111_3\datastruct_list.cpp(90): warning C4996: 'scanf': This function or variable may be unsafe. Consider using scanf_s instead. To disable deprecation, use _CRT_SECURE_NO_WARNINGS. See online help for details.
                 c:\program files (x86)\microsoft visual studio 10.0\vc\include\stdio.h(304) : 'scanf' 선언을 참조하십시오.
       ManifestResourceCompile:
         C:\Program Files (x86)\Microsoft SDKs\Windows\v7.0A\bin\rc.exe /nologo /fo"Debug\Proj1111_3.exe.embed.manifest.res" Debug\Proj1111_3_manifest.rc 
       Link:
         c:\Program Files (x86)\Microsoft Visual Studio 10.0\VC\bin\link.exe /ERRORREPORT:PROMPT /OUT:"C:\Users\은빈\Google 드라이브\2학년 2학기\자료구조 및 실습\과제10\DataStruct1111\Debug\Proj1111_3.exe" /INCREMENTAL /NOLOGO kernel32.lib user32.lib gdi32.lib winspool.lib comdlg32.lib advapi32.lib shell32.lib ole32.lib oleaut32.lib uuid.lib odbc32.lib odbccp32.lib /MANIFEST /ManifestFile:"Debug\Proj1111_3.exe.intermediate.manifest" /MANIFESTUAC:"level='asInvoker' uiAccess='false'" /DEBUG /PDB:"C:\Users\은빈\Google 드라이브\2학년 2학기\자료구조 및 실습\과제10\DataStruct1111\Debug\Proj1111_3.pdb" /SUBSYSTEM:CONSOLE /TLBID:1 /DYNAMICBASE /NXCOMPAT /IMPLIB:"C:\Users\은빈\Google 드라이브\2학년 2학기\자료구조 및 실습\과제10\DataStruct1111\Debug\Proj1111_3.lib" /MACHINE:X86 Debug\Proj1111_3.exe.embed.manifest.res
         Debug\DataStruct_List.obj
       Manifest:
         C:\Program Files (x86)\Microsoft SDKs\Windows\v7.0A\bin\mt.exe /nologo /verbose /out:"Debug\Proj1111_3.exe.embed.manifest" /manifest Debug\Proj1111_3.exe.intermediate.manifest
         C:\Program Files (x86)\Microsoft SDKs\Windows\v7.0A\bin\rc.exe /nologo /fo"Debug\Proj1111_3.exe.embed.manifest.res" Debug\Proj1111_3_manifest.rc 
       LinkEmbedManifest:
         c:\Program Files (x86)\Microsoft Visual Studio 10.0\VC\bin\link.exe /ERRORREPORT:PROMPT /OUT:"C:\Users\은빈\Google 드라이브\2학년 2학기\자료구조 및 실습\과제10\DataStruct1111\Debug\Proj1111_3.exe" /INCREMENTAL /NOLOGO kernel32.lib user32.lib gdi32.lib winspool.lib comdlg32.lib advapi32.lib shell32.lib ole32.lib oleaut32.lib uuid.lib odbc32.lib odbccp32.lib /MANIFEST /ManifestFile:"Debug\Proj1111_3.exe.intermediate.manifest" /MANIFESTUAC:"level='asInvoker' uiAccess='false'" /DEBUG /PDB:"C:\Users\은빈\Google 드라이브\2학년 2학기\자료구조 및 실습\과제10\DataStruct1111\Debug\Proj1111_3.pdb" /SUBSYSTEM:CONSOLE /TLBID:1 /DYNAMICBASE /NXCOMPAT /IMPLIB:"C:\Users\은빈\Google 드라이브\2학년 2학기\자료구조 및 실습\과제10\DataStruct1111\Debug\Proj1111_3.lib" /MACHINE:X86 Debug\Proj1111_3.exe.embed.manifest.res
         Debug\DataStruct_List.obj
         Proj1111_3.vcxproj -> C:\Users\은빈\Google 드라이브\2학년 2학기\자료구조 및 실습\과제10\DataStruct1111\Debug\Proj1111_3.exe
       FinalizeBuildStatus:
         "Debug\Proj1111_3.unsuccessfulbuild" 파일을 삭제하고 있습니다.
         "Debug\Proj1111_3.lastbuildstate"에 연결(touching)하고 있습니다.
     1>"C:\Users\은빈\Google 드라이브\2학년 2학기\자료구조 및 실습\과제10\DataStruct1111\Proj1111_3\Proj1111_3.vcxproj" 프로젝트를 빌드했습니다(build 대상).

빌드했습니다.

경과 시간: 00:00:02.12
