빌드 시작: 2015-10-13 오전 9:52:24
     1>2 노드의 "C:\Users\은빈\Google 드라이브\2학년 2학기\자료구조 및 실습\과제06\DataStruct1012\Project1012_Element\Project1012_Element.vcxproj" 프로젝트(build 대상)입니다.
     1>InitializeBuildStatus:
         "AlwaysCreate"이(가) 지정되었기 때문에 "Debug\Project1012_Element.unsuccessfulbuild"을(를) 만들고 있습니다.
       ClCompile:
         c:\Program Files (x86)\Microsoft Visual Studio 10.0\VC\bin\CL.exe /c /ZI /nologo /W3 /WX- /Od /Oy- /D WIN32 /D _DEBUG /D _CONSOLE /D _UNICODE /D UNICODE /Gm /EHsc /RTC1 /MDd /GS /fp:precise /Zc:wchar_t /Zc:forScope /Fo"Debug\\" /Fd"Debug\vc100.pdb" /Gd /TP /analyze- /errorReport:prompt "6장-CebCheckBracket.cpp"
         6장-CebCheckBracket.cpp
     1>c:\users\은빈\google 드라이브\2학년 2학기\자료구조 및 실습\과제06\datastruct1012\project1012_element\ceblinkedstack.h(42): warning C4101: 'p' :참조되지 않은 지역 변수입니다.
     1>c:\users\은빈\google 드라이브\2학년 2학기\자료구조 및 실습\과제06\datastruct1012\project1012_element\cebbracketchecker.h(24): warning C4996: 'strcpy': This function or variable may be unsafe. Consider using strcpy_s instead. To disable deprecation, use _CRT_SECURE_NO_WARNINGS. See online help for details.
                 c:\program files (x86)\microsoft visual studio 10.0\vc\include\string.h(105) : 'strcpy' 선언을 참조하십시오.
     1>c:\users\은빈\google 드라이브\2학년 2학기\자료구조 및 실습\과제06\datastruct1012\project1012_element\cebbracketchecker.h(25): warning C4996: 'fopen': This function or variable may be unsafe. Consider using fopen_s instead. To disable deprecation, use _CRT_SECURE_NO_WARNINGS. See online help for details.
                 c:\program files (x86)\microsoft visual studio 10.0\vc\include\stdio.h(234) : 'fopen' 선언을 참조하십시오.
     1>c:\users\은빈\google 드라이브\2학년 2학기\자료구조 및 실습\과제06\datastruct1012\project1012_element\cebbracketchecker.h(67): warning C4996: 'strcpy': This function or variable may be unsafe. Consider using strcpy_s instead. To disable deprecation, use _CRT_SECURE_NO_WARNINGS. See online help for details.
                 c:\program files (x86)\microsoft visual studio 10.0\vc\include\string.h(105) : 'strcpy' 선언을 참조하십시오.
     1>c:\users\은빈\google 드라이브\2학년 2학기\자료구조 및 실습\과제06\datastruct1012\project1012_element\cebbracketchecker.h(68): warning C4996: 'fopen': This function or variable may be unsafe. Consider using fopen_s instead. To disable deprecation, use _CRT_SECURE_NO_WARNINGS. See online help for details.
                 c:\program files (x86)\microsoft visual studio 10.0\vc\include\stdio.h(234) : 'fopen' 선언을 참조하십시오.
       ManifestResourceCompile:
         C:\Program Files (x86)\Microsoft SDKs\Windows\v7.0A\bin\rc.exe /nologo /fo"Debug\Project1012_Element.exe.embed.manifest.res" Debug\Project1012_Element_manifest.rc 
       Link:
         c:\Program Files (x86)\Microsoft Visual Studio 10.0\VC\bin\link.exe /ERRORREPORT:PROMPT /OUT:"C:\Users\은빈\Google 드라이브\2학년 2학기\자료구조 및 실습\과제06\DataStruct1012\Debug\Project1012_Element.exe" /INCREMENTAL /NOLOGO kernel32.lib user32.lib gdi32.lib winspool.lib comdlg32.lib advapi32.lib shell32.lib ole32.lib oleaut32.lib uuid.lib odbc32.lib odbccp32.lib /MANIFEST /ManifestFile:"Debug\Project1012_Element.exe.intermediate.manifest" /MANIFESTUAC:"level='asInvoker' uiAccess='false'" /DEBUG /PDB:"C:\Users\은빈\Google 드라이브\2학년 2학기\자료구조 및 실습\과제06\DataStruct1012\Debug\Project1012_Element.pdb" /SUBSYSTEM:CONSOLE /TLBID:1 /DYNAMICBASE /NXCOMPAT /IMPLIB:"C:\Users\은빈\Google 드라이브\2학년 2학기\자료구조 및 실습\과제06\DataStruct1012\Debug\Project1012_Element.lib" /MACHINE:X86 Debug\Project1012_Element.exe.embed.manifest.res
         "Debug\6장-CebCheckBracket.obj"
       Manifest:
         C:\Program Files (x86)\Microsoft SDKs\Windows\v7.0A\bin\mt.exe /nologo /verbose /out:"Debug\Project1012_Element.exe.embed.manifest" /manifest Debug\Project1012_Element.exe.intermediate.manifest
         C:\Program Files (x86)\Microsoft SDKs\Windows\v7.0A\bin\rc.exe /nologo /fo"Debug\Project1012_Element.exe.embed.manifest.res" Debug\Project1012_Element_manifest.rc 
       LinkEmbedManifest:
         c:\Program Files (x86)\Microsoft Visual Studio 10.0\VC\bin\link.exe /ERRORREPORT:PROMPT /OUT:"C:\Users\은빈\Google 드라이브\2학년 2학기\자료구조 및 실습\과제06\DataStruct1012\Debug\Project1012_Element.exe" /INCREMENTAL /NOLOGO kernel32.lib user32.lib gdi32.lib winspool.lib comdlg32.lib advapi32.lib shell32.lib ole32.lib oleaut32.lib uuid.lib odbc32.lib odbccp32.lib /MANIFEST /ManifestFile:"Debug\Project1012_Element.exe.intermediate.manifest" /MANIFESTUAC:"level='asInvoker' uiAccess='false'" /DEBUG /PDB:"C:\Users\은빈\Google 드라이브\2학년 2학기\자료구조 및 실습\과제06\DataStruct1012\Debug\Project1012_Element.pdb" /SUBSYSTEM:CONSOLE /TLBID:1 /DYNAMICBASE /NXCOMPAT /IMPLIB:"C:\Users\은빈\Google 드라이브\2학년 2학기\자료구조 및 실습\과제06\DataStruct1012\Debug\Project1012_Element.lib" /MACHINE:X86 Debug\Project1012_Element.exe.embed.manifest.res
         "Debug\6장-CebCheckBracket.obj"
         Project1012_Element.vcxproj -> C:\Users\은빈\Google 드라이브\2학년 2학기\자료구조 및 실습\과제06\DataStruct1012\Debug\Project1012_Element.exe
       FinalizeBuildStatus:
         "Debug\Project1012_Element.unsuccessfulbuild" 파일을 삭제하고 있습니다.
         "Debug\Project1012_Element.lastbuildstate"에 연결(touching)하고 있습니다.
     1>"C:\Users\은빈\Google 드라이브\2학년 2학기\자료구조 및 실습\과제06\DataStruct1012\Project1012_Element\Project1012_Element.vcxproj" 프로젝트를 빌드했습니다(build 대상).

빌드했습니다.

경과 시간: 00:00:03.09
